<?xml version="1.0" encoding="UTF-8"?>
<!-- Generated by org.testng.reporters.JUnitXMLReporter -->
<testsuite hostname="MacBook-Pro-Dmitrij.local" ignored="0" name="Command line test" tests="14" failures="0" timestamp="17 янв 2019 09:48:52 GMT" time="26.03" errors="0">
  <testcase name="login" time="6.354" classname="io.redtrack.app.tests.RedtrackStats"/>
  <testcase name="campaignsPage" time="0.274" classname="io.redtrack.app.tests.RedtrackStats"/>
  <testcase name="setCustomPeriod" time="5.492" classname="io.redtrack.app.tests.RedtrackStats"/>
  <testcase name="setDate" time="0.404" classname="io.redtrack.app.tests.RedtrackStats"/>
  <testcase name="checkingCPC" time="8.129" classname="io.redtrack.app.tests.RedtrackStats"/>
  <testcase name="checkingProfit" time="0.123" classname="io.redtrack.app.tests.RedtrackStats"/>
  <testcase name="checkingConv" time="0.1" classname="io.redtrack.app.tests.RedtrackStats"/>
  <testcase name="checkingCPT" time="0.126" classname="io.redtrack.app.tests.RedtrackStats"/>
  <testcase name="checkCPA" time="0.088" classname="io.redtrack.app.tests.RedtrackStats"/>
  <testcase name="checkEPC" time="0.108" classname="io.redtrack.app.tests.RedtrackStats"/>
  <testcase name="checkTR" time="0.094" classname="io.redtrack.app.tests.RedtrackStats"/>
  <testcase name="checkCR" time="0.073" classname="io.redtrack.app.tests.RedtrackStats"/>
  <testcase name="checkROI" time="0.082" classname="io.redtrack.app.tests.RedtrackStats"/>
  <testcase name="closingDriver" time="0.117" classname="io.redtrack.app.tests.RedtrackStats"/>
</testsuite> <!-- Command line test -->
