<?xml version="1.0" encoding="UTF-8"?>
<!-- Generated by org.testng.reporters.JUnitXMLReporter -->
<testsuite ignored="0" hostname="MacBook-Pro-Dmitrij.local" failures="0" tests="13" name="Command line test" time="24.533" errors="0" timestamp="11 янв. 2019 15:23:43 GMT">
  <testcase classname="io.redtrack.app.tests.RedtrackStats" name="login" time="6.018"/>
  <testcase classname="io.redtrack.app.tests.RedtrackStats" name="campaignsPage" time="0.203"/>
  <testcase classname="io.redtrack.app.tests.RedtrackStats" name="setCustomPeriod" time="5.227"/>
  <testcase classname="io.redtrack.app.tests.RedtrackStats" name="setDate" time="0.207"/>
  <testcase classname="io.redtrack.app.tests.RedtrackStats" name="checkingCPC" time="8.112"/>
  <testcase classname="io.redtrack.app.tests.RedtrackStats" name="checkingProfit" time="0.08"/>
  <testcase classname="io.redtrack.app.tests.RedtrackStats" name="checkingConv" time="0.06"/>
  <testcase classname="io.redtrack.app.tests.RedtrackStats" name="checkingCPT" time="0.083"/>
  <testcase classname="io.redtrack.app.tests.RedtrackStats" name="checkCPA" time="0.062"/>
  <testcase classname="io.redtrack.app.tests.RedtrackStats" name="checkEPC" time="0.079"/>
  <testcase classname="io.redtrack.app.tests.RedtrackStats" name="checkTR" time="0.078"/>
  <testcase classname="io.redtrack.app.tests.RedtrackStats" name="checkCR" time="0.073"/>
  <testcase classname="io.redtrack.app.tests.RedtrackStats" name="checkROI" time="0.079"/>
</testsuite> <!-- Command line test -->
