<?xml version="1.0" encoding="UTF-8"?>
<testsuite xmlns:xsi="http://www.w3.org/2001/XMLSchema-instance" xsi:noNamespaceSchemaLocation="https://maven.apache.org/surefire/maven-surefire-plugin/xsd/surefire-test-report-3.0.xsd" version="3.0" name="TestSuite" time="11.512" tests="14" errors="0" skipped="13" failures="1">
  <properties>
[...]
</properties>
  <testcase name="login" classname="io.redtrack.app.tests.RedtrackStatsTests" time="0.057">
    <failure type="java.lang.NullPointerException">java.lang.NullPointerException
	at io.redtrack.app.tests.RedtrackStatsTests.login(RedtrackStatsTests.java:79)
</failure>
    <system-out><![CDATA[INFO  2019-04-08 20:28:24,233 [RedtrackStatsTests.java:45] : Initialization driver
FATAL 2019-04-08 20:28:34,336 [RedtrackStatsTests.java:70] : Something went wrong: session not created
from disconnected: received Inspector.detached event
  (Session info: chrome=73.0.3683.86)
  (Driver info: chromedriver=73.0.3683.68 (47787ec04b6e38e22703e856e101e840b65afe72),platform=Mac OS X 10.13.4 x86_64) (WARNING: The server did not provide any stacktrace information)
Command duration or timeout: 8.10 seconds
Build info: version: '3.14.0', revision: 'aacccce0', time: '2018-08-02T20:19:58.91Z'
System info: host: 'MacBook-Pro-Dmitrij.local', ip: 'fe80:0:0:0:4dd:dcc5:a89c:d149%en0', os.name: 'Mac OS X', os.arch: 'x86_64', os.version: '10.13.4', java.version: '1.8.0_201'
Driver info: driver.version: ChromeDriver
INFO  2019-04-08 20:28:34,741 [RedtrackStatsTests.java:78] : Logging into app
]]></system-out>
    <system-err><![CDATA[SLF4J: Failed to load class "org.slf4j.impl.StaticLoggerBinder".
SLF4J: Defaulting to no-operation (NOP) logger implementation
SLF4J: See http://www.slf4j.org/codes.html#StaticLoggerBinder for further details.
Starting ChromeDriver 73.0.3683.68 (47787ec04b6e38e22703e856e101e840b65afe72) on port 2644
Only local connections are allowed.
Please protect ports used by ChromeDriver and related test frameworks to prevent access by malicious code.
org.openqa.selenium.SessionNotCreatedException: session not created
from disconnected: received Inspector.detached event
  (Session info: chrome=73.0.3683.86)
  (Driver info: chromedriver=73.0.3683.68 (47787ec04b6e38e22703e856e101e840b65afe72),platform=Mac OS X 10.13.4 x86_64) (WARNING: The server did not provide any stacktrace information)
Command duration or timeout: 8.10 seconds
Build info: version: '3.14.0', revision: 'aacccce0', time: '2018-08-02T20:19:58.91Z'
System info: host: 'MacBook-Pro-Dmitrij.local', ip: 'fe80:0:0:0:4dd:dcc5:a89c:d149%en0', os.name: 'Mac OS X', os.arch: 'x86_64', os.version: '10.13.4', java.version: '1.8.0_201'
Driver info: driver.version: ChromeDriver
	at sun.reflect.NativeConstructorAccessorImpl.newInstance0(Native Method)
	at sun.reflect.NativeConstructorAccessorImpl.newInstance(NativeConstructorAccessorImpl.java:62)
	at sun.reflect.DelegatingConstructorAccessorImpl.newInstance(DelegatingConstructorAccessorImpl.java:45)
	at java.lang.reflect.Constructor.newInstance(Constructor.java:423)
	at org.openqa.selenium.remote.ErrorHandler.createThrowable(ErrorHandler.java:214)
	at org.openqa.selenium.remote.ErrorHandler.throwIfResponseFailed(ErrorHandler.java:166)
	at org.openqa.selenium.remote.JsonWireProtocolResponse.lambda$new$0(JsonWireProtocolResponse.java:53)
	at org.openqa.selenium.remote.JsonWireProtocolResponse.lambda$getResponseFunction$2(JsonWireProtocolResponse.java:91)
	at org.openqa.selenium.remote.ProtocolHandshake.lambda$createSession$0(ProtocolHandshake.java:122)
	at java.util.stream.ReferencePipeline$3$1.accept(ReferencePipeline.java:193)
	at java.util.Spliterators$ArraySpliterator.tryAdvance(Spliterators.java:958)
	at java.util.stream.ReferencePipeline.forEachWithCancel(ReferencePipeline.java:126)
	at java.util.stream.AbstractPipeline.copyIntoWithCancel(AbstractPipeline.java:498)
	at java.util.stream.AbstractPipeline.copyInto(AbstractPipeline.java:485)
	at java.util.stream.AbstractPipeline.wrapAndCopyInto(AbstractPipeline.java:471)
	at java.util.stream.FindOps$FindOp.evaluateSequential(FindOps.java:152)
	at java.util.stream.AbstractPipeline.evaluate(AbstractPipeline.java:234)
	at java.util.stream.ReferencePipeline.findFirst(ReferencePipeline.java:464)
	at org.openqa.selenium.remote.ProtocolHandshake.createSession(ProtocolHandshake.java:125)
	at org.openqa.selenium.remote.ProtocolHandshake.createSession(ProtocolHandshake.java:73)
	at org.openqa.selenium.remote.HttpCommandExecutor.execute(HttpCommandExecutor.java:136)
	at org.openqa.selenium.remote.service.DriverCommandExecutor.execute(DriverCommandExecutor.java:83)
	at org.openqa.selenium.remote.RemoteWebDriver.execute(RemoteWebDriver.java:548)
	at org.openqa.selenium.remote.RemoteWebDriver.startSession(RemoteWebDriver.java:212)
	at org.openqa.selenium.remote.RemoteWebDriver.<init>(RemoteWebDriver.java:130)
	at org.openqa.selenium.chrome.ChromeDriver.<init>(ChromeDriver.java:181)
	at org.openqa.selenium.chrome.ChromeDriver.<init>(ChromeDriver.java:168)
	at org.openqa.selenium.chrome.ChromeDriver.<init>(ChromeDriver.java:123)
	at io.redtrack.app.tests.RedtrackStatsTests.init(RedtrackStatsTests.java:47)
	at sun.reflect.NativeMethodAccessorImpl.invoke0(Native Method)
	at sun.reflect.NativeMethodAccessorImpl.invoke(NativeMethodAccessorImpl.java:62)
	at sun.reflect.DelegatingMethodAccessorImpl.invoke(DelegatingMethodAccessorImpl.java:43)
	at java.lang.reflect.Method.invoke(Method.java:498)
	at org.testng.internal.MethodInvocationHelper.invokeMethod(MethodInvocationHelper.java:124)
	at org.testng.internal.MethodInvocationHelper.invokeMethodConsideringTimeout(MethodInvocationHelper.java:59)
	at org.testng.internal.Invoker.invokeConfigurationMethod(Invoker.java:458)
	at org.testng.internal.Invoker.invokeConfigurations(Invoker.java:222)
	at org.testng.internal.Invoker.invokeConfigurations(Invoker.java:142)
	at org.testng.internal.TestMethodWorker.invokeBeforeClassMethods(TestMethodWorker.java:168)
	at org.testng.internal.TestMethodWorker.run(TestMethodWorker.java:105)
	at java.util.concurrent.ThreadPoolExecutor.runWorker(ThreadPoolExecutor.java:1149)
	at java.util.concurrent.ThreadPoolExecutor$Worker.run(ThreadPoolExecutor.java:624)
	at java.lang.Thread.run(Thread.java:748)
]]></system-err>
  </testcase>
  <testcase name="campaignsPage" classname="io.redtrack.app.tests.RedtrackStatsTests" time="0">
    <skipped message="Method RedtrackStatsTests.campaignsPage()[pri:0, instance:io.redtrack.app.tests.RedtrackStatsTests@52a86356] depends on not successfully finished methods"/>
  </testcase>
  <testcase name="setCustomPeriod" classname="io.redtrack.app.tests.RedtrackStatsTests" time="0">
    <skipped message="Method RedtrackStatsTests.setCustomPeriod()[pri:0, instance:io.redtrack.app.tests.RedtrackStatsTests@52a86356] depends on not successfully finished methods"/>
  </testcase>
  <testcase name="setDate" classname="io.redtrack.app.tests.RedtrackStatsTests" time="0">
    <skipped message="Method RedtrackStatsTests.setDate()[pri:0, instance:io.redtrack.app.tests.RedtrackStatsTests@52a86356] depends on not successfully finished methods"/>
  </testcase>
  <testcase name="checkingCPC" classname="io.redtrack.app.tests.RedtrackStatsTests" time="0">
    <skipped message="Method RedtrackStatsTests.checkingCPC()[pri:0, instance:io.redtrack.app.tests.RedtrackStatsTests@52a86356] depends on not successfully finished methods"/>
  </testcase>
  <testcase name="checkingProfit" classname="io.redtrack.app.tests.RedtrackStatsTests" time="0">
    <skipped message="Method RedtrackStatsTests.checkingProfit()[pri:0, instance:io.redtrack.app.tests.RedtrackStatsTests@52a86356] depends on not successfully finished methods"/>
  </testcase>
  <testcase name="checkingConv" classname="io.redtrack.app.tests.RedtrackStatsTests" time="0">
    <skipped message="Method RedtrackStatsTests.checkingConv()[pri:0, instance:io.redtrack.app.tests.RedtrackStatsTests@52a86356] depends on not successfully finished methods"/>
  </testcase>
  <testcase name="checkingCPT" classname="io.redtrack.app.tests.RedtrackStatsTests" time="0">
    <skipped message="Method RedtrackStatsTests.checkingCPT()[pri:0, instance:io.redtrack.app.tests.RedtrackStatsTests@52a86356] depends on not successfully finished methods"/>
  </testcase>
  <testcase name="checkCPA" classname="io.redtrack.app.tests.RedtrackStatsTests" time="0">
    <skipped message="Method RedtrackStatsTests.checkCPA()[pri:0, instance:io.redtrack.app.tests.RedtrackStatsTests@52a86356] depends on not successfully finished methods"/>
  </testcase>
  <testcase name="checkEPC" classname="io.redtrack.app.tests.RedtrackStatsTests" time="0">
    <skipped message="Method RedtrackStatsTests.checkEPC()[pri:0, instance:io.redtrack.app.tests.RedtrackStatsTests@52a86356] depends on not successfully finished methods"/>
  </testcase>
  <testcase name="checkTR" classname="io.redtrack.app.tests.RedtrackStatsTests" time="0">
    <skipped message="Method RedtrackStatsTests.checkTR()[pri:0, instance:io.redtrack.app.tests.RedtrackStatsTests@52a86356] depends on not successfully finished methods"/>
  </testcase>
  <testcase name="checkCR" classname="io.redtrack.app.tests.RedtrackStatsTests" time="0">
    <skipped message="Method RedtrackStatsTests.checkCR()[pri:0, instance:io.redtrack.app.tests.RedtrackStatsTests@52a86356] depends on not successfully finished methods"/>
  </testcase>
  <testcase name="checkROI" classname="io.redtrack.app.tests.RedtrackStatsTests" time="0">
    <skipped message="Method RedtrackStatsTests.checkROI()[pri:0, instance:io.redtrack.app.tests.RedtrackStatsTests@52a86356] depends on not successfully finished methods"/>
  </testcase>
  <testcase name="closingDriver" classname="io.redtrack.app.tests.RedtrackStatsTests" time="0">
    <skipped message="Method RedtrackStatsTests.closingDriver()[pri:0, instance:io.redtrack.app.tests.RedtrackStatsTests@52a86356] depends on not successfully finished methods"/>
  </testcase>
</testsuite>