<?xml version="1.0" encoding="UTF-8"?>
<!-- Generated by org.testng.reporters.JUnitXMLReporter -->
<testsuite hostname="MacBook-Pro-Dmitrij.local" ignored="0" name="test" tests="14" failures="0" timestamp="04 апр 2019 11:25:37 GMT" time="26.928" errors="0">
  <testcase name="login" time="2.974" classname="io.redtrack.app.tests.RedtrackStatsTests"/>
  <testcase name="campaignsPage" time="0.837" classname="io.redtrack.app.tests.RedtrackStatsTests"/>
  <testcase name="setCustomPeriod" time="5.307" classname="io.redtrack.app.tests.RedtrackStatsTests"/>
  <testcase name="setDate" time="0.29" classname="io.redtrack.app.tests.RedtrackStatsTests"/>
  <testcase name="checkingCPC" time="8.159" classname="io.redtrack.app.tests.RedtrackStatsTests"/>
  <testcase name="checkingProfit" time="0.132" classname="io.redtrack.app.tests.RedtrackStatsTests"/>
  <testcase name="checkingConv" time="0.105" classname="io.redtrack.app.tests.RedtrackStatsTests"/>
  <testcase name="checkingCPT" time="0.101" classname="io.redtrack.app.tests.RedtrackStatsTests"/>
  <testcase name="checkCPA" time="0.084" classname="io.redtrack.app.tests.RedtrackStatsTests"/>
  <testcase name="checkEPC" time="0.091" classname="io.redtrack.app.tests.RedtrackStatsTests"/>
  <testcase name="checkTR" time="0.1" classname="io.redtrack.app.tests.RedtrackStatsTests"/>
  <testcase name="checkCR" time="0.076" classname="io.redtrack.app.tests.RedtrackStatsTests"/>
  <testcase name="checkROI" time="0.09" classname="io.redtrack.app.tests.RedtrackStatsTests"/>
  <testcase name="closingDriver" time="0.201" classname="io.redtrack.app.tests.RedtrackStatsTests"/>
</testsuite> <!-- test -->
