<?xml version="1.0" encoding="UTF-8"?>
<!-- Generated by org.testng.reporters.JUnitXMLReporter -->
<testsuite hostname="MacBook-Pro-Dmitrij.local" ignored="0" name="test" tests="14" failures="1" timestamp="08 апр 2019 17:28:34 GMT" time="10.591" errors="0">
  <testcase name="login" time="0.032" classname="io.redtrack.app.tests.RedtrackStatsTests">
    <failure type="java.lang.NullPointerException">
      <![CDATA[java.lang.NullPointerException
at io.redtrack.app.tests.RedtrackStatsTests.login(RedtrackStatsTests.java:79)
at sun.reflect.NativeMethodAccessorImpl.invoke0(Native Method)
at sun.reflect.NativeMethodAccessorImpl.invoke(NativeMethodAccessorImpl.java:62)
at sun.reflect.DelegatingMethodAccessorImpl.invoke(DelegatingMethodAccessorImpl.java:43)
at java.lang.reflect.Method.invoke(Method.java:498)
at org.testng.internal.MethodInvocationHelper.invokeMethod(MethodInvocationHelper.java:124)
at org.testng.internal.Invoker.invokeMethod(Invoker.java:583)
at org.testng.internal.Invoker.invokeTestMethod(Invoker.java:719)
at org.testng.internal.Invoker.invokeTestMethods(Invoker.java:989)
at org.testng.internal.TestMethodWorker.invokeTestMethods(TestMethodWorker.java:125)
at org.testng.internal.TestMethodWorker.run(TestMethodWorker.java:109)
at java.util.concurrent.ThreadPoolExecutor.runWorker(ThreadPoolExecutor.java:1149)
at java.util.concurrent.ThreadPoolExecutor$Worker.run(ThreadPoolExecutor.java:624)
at java.lang.Thread.run(Thread.java:748)
]]>
    </failure>
  </testcase> <!-- login -->
  <testcase name="campaignsPage" time="0.0" classname="io.redtrack.app.tests.RedtrackStatsTests">
    <skipped/>
  </testcase> <!-- campaignsPage -->
  <testcase name="setCustomPeriod" time="0.0" classname="io.redtrack.app.tests.RedtrackStatsTests">
    <skipped/>
  </testcase> <!-- setCustomPeriod -->
  <testcase name="setDate" time="0.0" classname="io.redtrack.app.tests.RedtrackStatsTests">
    <skipped/>
  </testcase> <!-- setDate -->
  <testcase name="checkingCPC" time="0.0" classname="io.redtrack.app.tests.RedtrackStatsTests">
    <skipped/>
  </testcase> <!-- checkingCPC -->
  <testcase name="checkingProfit" time="0.0" classname="io.redtrack.app.tests.RedtrackStatsTests">
    <skipped/>
  </testcase> <!-- checkingProfit -->
  <testcase name="checkingConv" time="0.0" classname="io.redtrack.app.tests.RedtrackStatsTests">
    <skipped/>
  </testcase> <!-- checkingConv -->
  <testcase name="checkingCPT" time="0.0" classname="io.redtrack.app.tests.RedtrackStatsTests">
    <skipped/>
  </testcase> <!-- checkingCPT -->
  <testcase name="checkCPA" time="0.0" classname="io.redtrack.app.tests.RedtrackStatsTests">
    <skipped/>
  </testcase> <!-- checkCPA -->
  <testcase name="checkEPC" time="0.0" classname="io.redtrack.app.tests.RedtrackStatsTests">
    <skipped/>
  </testcase> <!-- checkEPC -->
  <testcase name="checkTR" time="0.0" classname="io.redtrack.app.tests.RedtrackStatsTests">
    <skipped/>
  </testcase> <!-- checkTR -->
  <testcase name="checkCR" time="0.0" classname="io.redtrack.app.tests.RedtrackStatsTests">
    <skipped/>
  </testcase> <!-- checkCR -->
  <testcase name="checkROI" time="0.0" classname="io.redtrack.app.tests.RedtrackStatsTests">
    <skipped/>
  </testcase> <!-- checkROI -->
  <testcase name="closingDriver" time="0.0" classname="io.redtrack.app.tests.RedtrackStatsTests">
    <skipped/>
  </testcase> <!-- closingDriver -->
</testsuite> <!-- test -->
