<?xml version="1.0" encoding="UTF-8"?>
<!-- Generated by org.testng.reporters.JUnitXMLReporter -->
<testsuite hostname="MacBook-Pro-Dmitrij.local" ignored="0" name="test" tests="14" failures="0" timestamp="23 янв 2019 11:52:04 GMT" time="23.495" errors="0">
  <testcase name="login" time="6.0" classname="io.redtrack.app.tests.RedtrackStatsTests"/>
  <testcase name="campaignsPage" time="0.176" classname="io.redtrack.app.tests.RedtrackStatsTests"/>
  <testcase name="setCustomPeriod" time="5.279" classname="io.redtrack.app.tests.RedtrackStatsTests"/>
  <testcase name="setDate" time="0.178" classname="io.redtrack.app.tests.RedtrackStatsTests"/>
  <testcase name="checkingCPC" time="8.113" classname="io.redtrack.app.tests.RedtrackStatsTests"/>
  <testcase name="checkingProfit" time="0.091" classname="io.redtrack.app.tests.RedtrackStatsTests"/>
  <testcase name="checkingConv" time="0.071" classname="io.redtrack.app.tests.RedtrackStatsTests"/>
  <testcase name="checkingCPT" time="0.077" classname="io.redtrack.app.tests.RedtrackStatsTests"/>
  <testcase name="checkCPA" time="0.068" classname="io.redtrack.app.tests.RedtrackStatsTests"/>
  <testcase name="checkEPC" time="0.069" classname="io.redtrack.app.tests.RedtrackStatsTests"/>
  <testcase name="checkTR" time="0.069" classname="io.redtrack.app.tests.RedtrackStatsTests"/>
  <testcase name="checkCR" time="0.059" classname="io.redtrack.app.tests.RedtrackStatsTests"/>
  <testcase name="checkROI" time="0.073" classname="io.redtrack.app.tests.RedtrackStatsTests"/>
  <testcase name="closingDriver" time="0.111" classname="io.redtrack.app.tests.RedtrackStatsTests"/>
</testsuite> <!-- test -->
