<?xml version="1.0" encoding="UTF-8"?>
<!-- Generated by org.testng.reporters.JUnitXMLReporter -->
<testsuite hostname="MacBook-Pro-Dmitrij.local" ignored="0" name="test" tests="17" failures="0" timestamp="17 мая 2019 13:29:44 GMT" time="28.052" errors="0">
  <testcase name="login" time="6.16" classname="io.redtrack.app.tests.RedtrackStatsTests"/>
  <testcase name="campaignsPage" time="0.432" classname="io.redtrack.app.tests.RedtrackStatsTests"/>
  <testcase name="InvalidLogin" time="5.985" classname="io.redtrack.app.tests.RedtrackLogin"/>
  <testcase name="setCustomPeriod" time="5.825" classname="io.redtrack.app.tests.RedtrackStatsTests"/>
  <testcase name="offQuickStat" time="0.171" classname="io.redtrack.app.tests.RedtrackStatsTests"/>
  <testcase name="upperCaseLogin" time="5.753" classname="io.redtrack.app.tests.RedtrackLogin"/>
  <testcase name="setDate" time="0.338" classname="io.redtrack.app.tests.RedtrackStatsTests"/>
  <testcase name="Login" time="6.88" classname="io.redtrack.app.tests.RedtrackLogin"/>
  <testcase name="closingDrvr" time="0.105" classname="io.redtrack.app.tests.RedtrackLogin"/>
  <testcase name="checkingCPC" time="8.463" classname="io.redtrack.app.tests.RedtrackStatsTests"/>
  <testcase name="checkingProfit" time="0.488" classname="io.redtrack.app.tests.RedtrackStatsTests"/>
  <testcase name="checkingCPT" time="0.55" classname="io.redtrack.app.tests.RedtrackStatsTests"/>
  <testcase name="checkCPA" time="0.375" classname="io.redtrack.app.tests.RedtrackStatsTests"/>
  <testcase name="checkEPC" time="0.39" classname="io.redtrack.app.tests.RedtrackStatsTests"/>
  <testcase name="checkTR" time="0.522" classname="io.redtrack.app.tests.RedtrackStatsTests"/>
  <testcase name="checkCR" time="0.369" classname="io.redtrack.app.tests.RedtrackStatsTests"/>
  <testcase name="checkROI" time="0.385" classname="io.redtrack.app.tests.RedtrackStatsTests"/>
</testsuite> <!-- test -->
