<?xml version="1.0" encoding="UTF-8"?>
<!-- Generated by org.testng.reporters.JUnitXMLReporter -->
<testsuite hostname="MacBook-Pro-Dmitrij.local" ignored="0" name="test" tests="13" failures="0" timestamp="10 апр 2019 15:49:39 GMT" time="28.312" errors="0">
  <testcase name="login" time="5.974" classname="io.redtrack.app.tests.RedtrackStatsTests"/>
  <testcase name="campaignsPage" time="0.386" classname="io.redtrack.app.tests.RedtrackStatsTests"/>
  <testcase name="setCustomPeriod" time="5.535" classname="io.redtrack.app.tests.RedtrackStatsTests"/>
  <testcase name="offQuickStat" time="0.195" classname="io.redtrack.app.tests.RedtrackStatsTests"/>
  <testcase name="setDate" time="0.378" classname="io.redtrack.app.tests.RedtrackStatsTests"/>
  <testcase name="checkingCPC" time="8.465" classname="io.redtrack.app.tests.RedtrackStatsTests"/>
  <testcase name="checkingProfit" time="0.424" classname="io.redtrack.app.tests.RedtrackStatsTests"/>
  <testcase name="checkingCPT" time="0.567" classname="io.redtrack.app.tests.RedtrackStatsTests"/>
  <testcase name="checkCPA" time="0.382" classname="io.redtrack.app.tests.RedtrackStatsTests"/>
  <testcase name="checkEPC" time="0.408" classname="io.redtrack.app.tests.RedtrackStatsTests"/>
  <testcase name="checkTR" time="0.526" classname="io.redtrack.app.tests.RedtrackStatsTests"/>
  <testcase name="checkCR" time="0.382" classname="io.redtrack.app.tests.RedtrackStatsTests"/>
  <testcase name="checkROI" time="0.397" classname="io.redtrack.app.tests.RedtrackStatsTests"/>
</testsuite> <!-- test -->
