<?xml version="1.0" encoding="UTF-8" ?>
<testsuite tests="13" failures="0" name="io.redtrack.app.tests.RedtrackStats" time="20.359" errors="0" skipped="0">
  <properties>
[...]
</properties>
  <testcase classname="io.redtrack.app.tests.RedtrackStats" name="login" time="6.018"/>
  <testcase classname="io.redtrack.app.tests.RedtrackStats" name="campaignsPage" time="0.201"/>
  <testcase classname="io.redtrack.app.tests.RedtrackStats" name="setCustomPeriod" time="5.227"/>
  <testcase classname="io.redtrack.app.tests.RedtrackStats" name="setDate" time="0.207"/>
  <testcase classname="io.redtrack.app.tests.RedtrackStats" name="checkingCPC" time="8.112"/>
  <testcase classname="io.redtrack.app.tests.RedtrackStats" name="checkingProfit" time="0.079"/>
  <testcase classname="io.redtrack.app.tests.RedtrackStats" name="checkingConv" time="0.059"/>
  <testcase classname="io.redtrack.app.tests.RedtrackStats" name="checkingCPT" time="0.084"/>
  <testcase classname="io.redtrack.app.tests.RedtrackStats" name="checkCPA" time="0.063"/>
  <testcase classname="io.redtrack.app.tests.RedtrackStats" name="checkEPC" time="0.079"/>
  <testcase classname="io.redtrack.app.tests.RedtrackStats" name="checkTR" time="0.078"/>
  <testcase classname="io.redtrack.app.tests.RedtrackStats" name="checkCR" time="0.073"/>
  <testcase classname="io.redtrack.app.tests.RedtrackStats" name="checkROI" time="0.079"/>
</testsuite>